<?xml version="1.0" encoding="UTF-8"?>
<testng-results ignored="0" total="1" passed="1" failed="0" skipped="0">
  <reporter-output>
  </reporter-output>
  <suite started-at="2023-01-10T13:06:50 IST" name="Default suite" finished-at="2023-01-10T13:06:53 IST" duration-ms="3008">
    <groups>
    </groups>
    <test started-at="2023-01-10T13:06:50 IST" name="Default test" finished-at="2023-01-10T13:06:53 IST" duration-ms="3008">
      <class name="apitestingg.apiitestingggg">
        <test-method signature="createProject()[pri:0, instance:apitestingg.apiitestingggg@6c130c45]" started-at="2023-01-10T13:06:50 IST" name="createProject" finished-at="2023-01-10T13:06:53 IST" duration-ms="2960" status="PASS">
          <reporter-output>
          </reporter-output>
        </test-method> <!-- createProject -->
      </class> <!-- apitestingg.apiitestingggg -->
    </test> <!-- Default test -->
  </suite> <!-- Default suite -->
</testng-results>
